<?xml version="1.0" encoding="UTF-8"?>
<testng-results skipped="0" failed="0" ignored="0" total="1" passed="1">
  <reporter-output>
  </reporter-output>
  <suite name="Default suite" duration-ms="42754" started-at="2020-07-25T11:05:48 IST" finished-at="2020-07-25T11:06:31 IST">
    <groups>
    </groups>
    <test name="Default test" duration-ms="42754" started-at="2020-07-25T11:05:48 IST" finished-at="2020-07-25T11:06:31 IST">
      <class name="exercise.salesForce.SalesForceAutomation">
        <test-method status="PASS" signature="setupDriver()[pri:0, instance:exercise.salesForce.SalesForceAutomation@78e67e0a]" name="setupDriver" is-config="true" duration-ms="6826" started-at="2020-07-25T11:05:48 IST" finished-at="2020-07-25T11:05:55 IST">
          <reporter-output>
          </reporter-output>
        </test-method> <!-- setupDriver -->
        <test-method status="PASS" signature="login()[pri:0, instance:exercise.salesForce.SalesForceAutomation@78e67e0a]" name="login" duration-ms="31557" started-at="2020-07-25T11:05:55 IST" finished-at="2020-07-25T11:06:27 IST">
          <reporter-output>
          </reporter-output>
        </test-method> <!-- login -->
        <test-method status="PASS" signature="tearDown()[pri:0, instance:exercise.salesForce.SalesForceAutomation@78e67e0a]" name="tearDown" is-config="true" duration-ms="4315" started-at="2020-07-25T11:06:27 IST" finished-at="2020-07-25T11:06:31 IST">
          <reporter-output>
          </reporter-output>
        </test-method> <!-- tearDown -->
      </class> <!-- exercise.salesForce.SalesForceAutomation -->
    </test> <!-- Default test -->
  </suite> <!-- Default suite -->
</testng-results>
